c:\users\16233\desktop\dbms\client\client\debug\vc142.pdb
c:\users\16233\desktop\dbms\client\client\debug\vc142.idb
c:\users\16233\desktop\dbms\client\client\debug\æº.obj
c:\users\16233\desktop\dbms\client\client\debug\view.obj
c:\users\16233\desktop\dbms\client\client\debug\user.obj
c:\users\16233\desktop\dbms\client\client\debug\table.obj
c:\users\16233\desktop\dbms\client\client\debug\logger.obj
c:\users\16233\desktop\dbms\client\client\debug\index.obj
c:\users\16233\desktop\dbms\client\client\debug\client_method.obj
c:\users\16233\desktop\dbms\client\debug\client.pdb
c:\users\16233\desktop\dbms\client\client\debug\client.tlog\cl.command.1.tlog
c:\users\16233\desktop\dbms\client\client\debug\client.tlog\cl.read.1.tlog
c:\users\16233\desktop\dbms\client\client\debug\client.tlog\cl.write.1.tlog
c:\users\16233\desktop\dbms\client\client\debug\client.tlog\link-cvtres.read.1.tlog
c:\users\16233\desktop\dbms\client\client\debug\client.tlog\link-cvtres.write.1.tlog
c:\users\16233\desktop\dbms\client\client\debug\client.tlog\link-rc.read.1.tlog
c:\users\16233\desktop\dbms\client\client\debug\client.tlog\link-rc.write.1.tlog
c:\users\16233\desktop\dbms\client\client\debug\client.tlog\link.command.1.tlog
c:\users\16233\desktop\dbms\client\client\debug\client.tlog\link.read.1.tlog
c:\users\16233\desktop\dbms\client\client\debug\client.tlog\link.write.1.tlog
