c:\users\16233\desktop\dbms\server\server\debug\vc142.pdb
c:\users\16233\desktop\dbms\server\server\debug\vc142.idb
c:\users\16233\desktop\dbms\server\server\debug\user.obj
c:\users\16233\desktop\dbms\server\server\debug\slove.obj
c:\users\16233\desktop\dbms\server\server\debug\view.obj
c:\users\16233\desktop\dbms\server\server\debug\thread.obj
c:\users\16233\desktop\dbms\server\server\debug\table.obj
c:\users\16233\desktop\dbms\server\server\debug\logger.obj
c:\users\16233\desktop\dbms\server\server\debug\index.obj
c:\users\16233\desktop\dbms\server\server\debug\æº.obj
c:\users\16233\desktop\dbms\server\debug\server.pdb
c:\users\16233\desktop\dbms\server\server\debug\server.tlog\cl.command.1.tlog
c:\users\16233\desktop\dbms\server\server\debug\server.tlog\cl.read.1.tlog
c:\users\16233\desktop\dbms\server\server\debug\server.tlog\cl.write.1.tlog
c:\users\16233\desktop\dbms\server\server\debug\server.tlog\link-cvtres.read.1.tlog
c:\users\16233\desktop\dbms\server\server\debug\server.tlog\link-cvtres.write.1.tlog
c:\users\16233\desktop\dbms\server\server\debug\server.tlog\link-rc.read.1.tlog
c:\users\16233\desktop\dbms\server\server\debug\server.tlog\link-rc.write.1.tlog
c:\users\16233\desktop\dbms\server\server\debug\server.tlog\link.command.1.tlog
c:\users\16233\desktop\dbms\server\server\debug\server.tlog\link.read.1.tlog
c:\users\16233\desktop\dbms\server\server\debug\server.tlog\link.write.1.tlog
